TN:
SF:src/config/config.ts
FNF:0
FNH:0
DA:1,1
DA:3,1
DA:5,1
LF:3
LH:3
BRDA:6,0,0,1
BRDA:6,0,1,1
BRDA:8,1,0,1
BRDA:8,1,1,0
BRF:4
BRH:3
end_of_record
TN:
SF:src/config/db.ts
FNF:0
FNH:0
DA:1,2
DA:3,2
DA:5,2
LF:3
LH:3
BRF:0
BRH:0
end_of_record
TN:
SF:src/config/logger.ts
FN:13,(anonymous_2)
FNF:1
FNH:0
FNDA:0,(anonymous_2)
DA:1,1
DA:2,1
DA:4,1
DA:11,1
DA:13,0
DA:14,0
DA:18,1
DA:44,1
DA:45,0
DA:48,1
LF:10
LH:7
BRDA:14,0,0,0
BRDA:14,0,1,0
BRDA:20,1,0,0
BRDA:20,1,1,1
BRDA:44,2,0,0
BRF:5
BRH:1
end_of_record
TN:
SF:src/controllers/auth.controller.ts
FN:6,(anonymous_7)
FN:6,(anonymous_8)
FN:19,(anonymous_9)
FN:19,(anonymous_10)
FNF:4
FNH:4
FNDA:4,(anonymous_7)
FNDA:4,(anonymous_8)
FNDA:5,(anonymous_9)
FNDA:5,(anonymous_10)
DA:2,1
DA:3,1
DA:4,1
DA:6,4
DA:7,4
DA:8,4
DA:9,2
DA:12,2
DA:13,1
DA:19,5
DA:20,5
DA:21,5
DA:22,2
DA:25,3
DA:26,2
LF:15
LH:15
BRDA:8,0,0,2
BRDA:8,1,0,4
BRDA:8,1,1,3
BRDA:21,2,0,2
BRDA:21,3,0,5
BRDA:21,3,1,4
BRDA:26,4,0,1
BRDA:26,4,1,1
BRF:8
BRH:8
end_of_record
TN:
SF:src/controllers/category.controller.ts
FN:12,(anonymous_7)
FN:12,(anonymous_8)
FN:20,(anonymous_9)
FN:20,(anonymous_10)
FN:37,(anonymous_11)
FN:37,(anonymous_12)
FN:50,(anonymous_13)
FN:50,(anonymous_14)
FN:69,(anonymous_15)
FN:69,(anonymous_16)
FNF:10
FNH:10
FNDA:2,(anonymous_7)
FNDA:2,(anonymous_8)
FNDA:3,(anonymous_9)
FNDA:3,(anonymous_10)
FNDA:3,(anonymous_11)
FNDA:3,(anonymous_12)
FNDA:3,(anonymous_13)
FNDA:3,(anonymous_14)
FNDA:3,(anonymous_15)
FNDA:3,(anonymous_16)
DA:2,1
DA:9,1
DA:10,1
DA:12,2
DA:13,2
DA:14,1
DA:20,3
DA:21,3
DA:22,3
DA:23,1
DA:26,2
DA:27,2
DA:28,1
DA:31,1
DA:37,3
DA:38,3
DA:39,3
DA:40,1
DA:43,2
DA:44,1
DA:50,3
DA:51,3
DA:52,3
DA:53,1
DA:56,2
DA:57,2
DA:59,2
DA:60,1
DA:63,1
DA:69,3
DA:70,3
DA:71,3
DA:72,1
DA:75,2
DA:76,2
DA:77,1
DA:80,1
LF:37
LH:37
BRDA:22,0,0,1
BRDA:27,1,0,1
BRDA:39,2,0,1
BRDA:52,3,0,1
BRDA:59,4,0,1
BRDA:71,5,0,1
BRDA:76,6,0,1
BRF:7
BRH:7
end_of_record
TN:
SF:src/services/auth.service.ts
FN:5,(anonymous_8)
FN:5,(anonymous_9)
FN:50,(anonymous_10)
FN:50,(anonymous_11)
FNF:4
FNH:0
FNDA:0,(anonymous_8)
FNDA:0,(anonymous_9)
FNDA:0,(anonymous_10)
FNDA:0,(anonymous_11)
DA:1,1
DA:2,1
DA:3,1
DA:5,1
DA:6,0
DA:7,0
DA:11,0
DA:12,0
DA:18,0
DA:19,0
DA:30,0
DA:42,0
DA:43,0
DA:50,1
DA:51,0
DA:52,0
DA:57,0
DA:58,0
DA:64,0
DA:65,0
DA:66,0
DA:72,0
DA:73,0
DA:79,0
DA:81,0
DA:96,0
DA:97,0
LF:27
LH:5
BRDA:11,0,0,0
BRDA:37,1,0,0
BRDA:37,1,1,0
BRDA:37,2,0,0
BRDA:37,2,1,0
BRDA:37,3,0,0
BRDA:37,3,1,0
BRDA:57,4,0,0
BRDA:65,5,0,0
BRDA:72,6,0,0
BRF:10
BRH:0
end_of_record
TN:
SF:src/services/category.service.ts
FN:3,(anonymous_8)
FN:3,(anonymous_9)
FN:7,(anonymous_10)
FN:7,(anonymous_11)
FN:23,(anonymous_12)
FN:23,(anonymous_13)
FN:29,(anonymous_14)
FN:29,(anonymous_15)
FN:36,(anonymous_16)
FN:36,(anonymous_17)
FNF:10
FNH:0
FNDA:0,(anonymous_8)
FNDA:0,(anonymous_9)
FNDA:0,(anonymous_10)
FNDA:0,(anonymous_11)
FNDA:0,(anonymous_12)
FNDA:0,(anonymous_13)
FNDA:0,(anonymous_14)
FNDA:0,(anonymous_15)
FNDA:0,(anonymous_16)
FNDA:0,(anonymous_17)
DA:1,1
DA:3,1
DA:4,0
DA:7,1
DA:8,0
DA:9,0
DA:12,0
DA:16,0
DA:17,0
DA:20,0
DA:23,1
DA:24,0
DA:29,1
DA:30,0
DA:36,1
DA:37,0
LF:16
LH:6
BRDA:8,0,0,0
BRDA:16,1,0,0
BRF:2
BRH:0
end_of_record
TN:
SF:src/types/error.types.ts
FN:5,(anonymous_0)
FN:16,(anonymous_1)
FN:22,(anonymous_2)
FN:28,(anonymous_3)
FN:34,(anonymous_4)
FN:42,(anonymous_5)
FNF:6
FNH:3
FNDA:11,(anonymous_0)
FNDA:3,(anonymous_1)
FNDA:8,(anonymous_2)
FNDA:0,(anonymous_3)
FNDA:0,(anonymous_4)
FNDA:0,(anonymous_5)
DA:1,2
DA:6,11
DA:7,11
DA:8,11
DA:11,11
DA:15,2
DA:17,3
DA:21,2
DA:23,8
DA:27,2
DA:29,0
DA:33,2
DA:35,0
DA:39,2
DA:43,0
DA:44,0
LF:16
LH:12
BRDA:5,0,0,11
BRDA:28,1,0,0
BRDA:34,2,0,0
BRF:3
BRH:1
end_of_record
TN:
SF:src/utils/async-handler.util.ts
FN:5,(anonymous_0)
FN:6,(anonymous_1)
FNF:2
FNH:2
FNDA:7,(anonymous_0)
FNDA:23,(anonymous_1)
DA:5,2
DA:6,7
DA:7,23
LF:3
LH:3
BRF:0
BRH:0
end_of_record
TN:
SF:src/utils/hash.ts
FN:7,(anonymous_8)
FN:7,(anonymous_9)
FN:27,(anonymous_10)
FN:27,(anonymous_11)
FNF:4
FNH:0
FNDA:0,(anonymous_8)
FNDA:0,(anonymous_9)
FNDA:0,(anonymous_10)
FNDA:0,(anonymous_11)
DA:1,1
DA:2,1
DA:4,1
DA:5,1
DA:7,1
DA:8,0
DA:9,0
DA:10,0
DA:13,0
DA:14,0
DA:17,0
DA:18,0
DA:20,0
DA:21,0
DA:27,1
DA:28,0
DA:29,0
DA:30,0
DA:33,0
DA:34,0
DA:37,0
DA:38,0
DA:40,0
DA:41,0
LF:24
LH:6
BRDA:9,0,0,0
BRDA:9,1,0,0
BRDA:9,1,1,0
BRDA:13,2,0,0
BRDA:20,3,0,0
BRDA:20,3,1,0
BRDA:20,4,0,0
BRDA:20,4,1,0
BRDA:21,5,0,0
BRDA:21,5,1,0
BRDA:29,6,0,0
BRDA:29,7,0,0
BRDA:29,7,1,0
BRDA:33,8,0,0
BRDA:33,9,0,0
BRDA:33,9,1,0
BRDA:40,10,0,0
BRDA:40,10,1,0
BRDA:40,11,0,0
BRDA:40,11,1,0
BRDA:41,12,0,0
BRDA:41,12,1,0
BRF:22
BRH:0
end_of_record
TN:
SF:src/utils/jwt.ts
FN:13,(anonymous_1)
FN:40,(anonymous_2)
FN:67,(anonymous_3)
FNF:3
FNH:0
FNDA:0,(anonymous_1)
FNDA:0,(anonymous_2)
FNDA:0,(anonymous_3)
DA:1,1
DA:2,1
DA:3,1
DA:13,1
DA:17,0
DA:18,0
DA:19,0
DA:22,0
DA:23,0
DA:26,0
DA:31,0
DA:33,0
DA:34,0
DA:40,1
DA:41,0
DA:42,0
DA:43,0
DA:46,0
DA:47,0
DA:50,0
DA:51,0
DA:52,0
DA:55,0
DA:57,0
DA:58,0
DA:59,0
DA:61,0
DA:67,1
DA:68,0
DA:69,0
DA:70,0
DA:71,0
DA:73,0
LF:33
LH:6
BRDA:15,0,0,0
BRDA:18,1,0,0
BRDA:22,2,0,0
BRDA:22,3,0,0
BRDA:22,3,1,0
BRDA:28,4,0,0
BRDA:28,4,1,0
BRDA:28,5,0,0
BRDA:28,5,1,0
BRDA:33,6,0,0
BRDA:33,6,1,0
BRDA:33,7,0,0
BRDA:33,7,1,0
BRDA:34,8,0,0
BRDA:34,8,1,0
BRDA:42,9,0,0
BRDA:42,10,0,0
BRDA:42,10,1,0
BRDA:46,11,0,0
BRDA:51,12,0,0
BRDA:51,13,0,0
BRDA:51,13,1,0
BRDA:57,14,0,0
BRDA:57,14,1,0
BRDA:57,15,0,0
BRDA:57,15,1,0
BRDA:58,16,0,0
BRDA:58,17,0,0
BRDA:58,17,1,0
BRDA:61,18,0,0
BRDA:61,18,1,0
BRDA:71,19,0,0
BRDA:71,19,1,0
BRF:33
BRH:0
end_of_record
